<?xml version="1.0" encoding="UTF-8"?>
<!-- Generated by org.testng.reporters.JUnitXMLReporter -->
<testsuite hostname="Josephs-MacBoo.local" ignored="0" name="Test" tests="10" failures="4" timestamp="2023-02-04T06:38:58 WAT" time="203.511" errors="0">
  <testcase name="verifyHomePageTitleTest" time="0.014" classname="com.africaprudential.testcases.HomePageTest"/>
  <testcase name="verifyUserCanClickOnLoginButton" time="0.134" classname="com.africaprudential.testcases.HomePageTest"/>
  <testcase name="verifyUserCanLoginWith_ValideCredentials" time="6.804" classname="com.africaprudential.testcases.LoginPageTest">
    <failure type="org.openqa.selenium.NoSuchElementException" message="no such element: Unable to locate element: {&amp;quot;method&amp;quot;:&amp;quot;xpath&amp;quot;,&amp;quot;selector&amp;quot;:&amp;quot;//strong[contains(text(),&amp;apos;Welcome&amp;apos;)]&amp;quot;}
  (Session info: chrome=109.0.5414.119)
For documentation on this error, please visit: https://www.seleniumhq.org/exceptions/no_such_element.html
Build info: version: &amp;apos;3.141.59&amp;apos;, revision: &amp;apos;e82be7d358&amp;apos;, time: &amp;apos;2018-11-14T08:25:48&amp;apos;
System info: host: &amp;apos;Josephs-MacBoo.local&amp;apos;, ip: &amp;apos;fd00:0:0:1:4e1:705:806c:b178%en0&amp;apos;, os.name: &amp;apos;Mac OS X&amp;apos;, os.arch: &amp;apos;x86_64&amp;apos;, os.version: &amp;apos;10.16&amp;apos;, java.version: &amp;apos;1.8.0_241&amp;apos;
Driver info: org.openqa.selenium.chrome.ChromeDriver
Capabilities {acceptInsecureCerts: false, browserName: chrome, browserVersion: 109.0.5414.119, chrome: {chromedriverVersion: 109.0.5414.74 (e7c5703604da..., userDataDir: /var/folders/j4/j04gn4bj1dl...}, goog:chromeOptions: {debuggerAddress: localhost:57422}, javascriptEnabled: true, networkConnectionEnabled: false, pageLoadStrategy: normal, platform: MAC, platformName: MAC, proxy: Proxy(), setWindowRect: true, strictFileInteractability: false, timeouts: {implicit: 0, pageLoad: 300000, script: 30000}, unhandledPromptBehavior: dismiss and notify, webauthn:extension:credBlob: true, webauthn:extension:largeBlob: true, webauthn:virtualAuthenticators: true}
Session ID: dbed37cc0956047675a868ba4043d190
*** Element info: {Using=xpath, value=//strong[contains(text(),&amp;apos;Welcome&amp;apos;)]}">
      <![CDATA[org.openqa.selenium.NoSuchElementException: no such element: Unable to locate element: {"method":"xpath","selector":"//strong[contains(text(),'Welcome')]"}
  (Session info: chrome=109.0.5414.119)
For documentation on this error, please visit: https://www.seleniumhq.org/exceptions/no_such_element.html
Build info: version: '3.141.59', revision: 'e82be7d358', time: '2018-11-14T08:25:48'
System info: host: 'Josephs-MacBoo.local', ip: 'fd00:0:0:1:4e1:705:806c:b178%en0', os.name: 'Mac OS X', os.arch: 'x86_64', os.version: '10.16', java.version: '1.8.0_241'
Driver info: org.openqa.selenium.chrome.ChromeDriver
Capabilities {acceptInsecureCerts: false, browserName: chrome, browserVersion: 109.0.5414.119, chrome: {chromedriverVersion: 109.0.5414.74 (e7c5703604da..., userDataDir: /var/folders/j4/j04gn4bj1dl...}, goog:chromeOptions: {debuggerAddress: localhost:57422}, javascriptEnabled: true, networkConnectionEnabled: false, pageLoadStrategy: normal, platform: MAC, platformName: MAC, proxy: Proxy(), setWindowRect: true, strictFileInteractability: false, timeouts: {implicit: 0, pageLoad: 300000, script: 30000}, unhandledPromptBehavior: dismiss and notify, webauthn:extension:credBlob: true, webauthn:extension:largeBlob: true, webauthn:virtualAuthenticators: true}
Session ID: dbed37cc0956047675a868ba4043d190
*** Element info: {Using=xpath, value=//strong[contains(text(),'Welcome')]}
at org.openqa.selenium.remote.http.W3CHttpResponseCodec.createException(W3CHttpResponseCodec.java:187)
at org.openqa.selenium.remote.http.W3CHttpResponseCodec.decode(W3CHttpResponseCodec.java:122)
at org.openqa.selenium.remote.http.W3CHttpResponseCodec.decode(W3CHttpResponseCodec.java:49)
at org.openqa.selenium.remote.HttpCommandExecutor.execute(HttpCommandExecutor.java:158)
at org.openqa.selenium.remote.service.DriverCommandExecutor.execute(DriverCommandExecutor.java:83)
at org.openqa.selenium.remote.RemoteWebDriver.execute(RemoteWebDriver.java:552)
at org.openqa.selenium.remote.RemoteWebDriver.findElement(RemoteWebDriver.java:323)
at org.openqa.selenium.remote.RemoteWebDriver.findElementByXPath(RemoteWebDriver.java:428)
at org.openqa.selenium.By$ByXPath.findElement(By.java:353)
at org.openqa.selenium.remote.RemoteWebDriver.findElement(RemoteWebDriver.java:315)
at org.openqa.selenium.support.pagefactory.DefaultElementLocator.findElement(DefaultElementLocator.java:69)
at org.openqa.selenium.support.pagefactory.internal.LocatingElementHandler.invoke(LocatingElementHandler.java:38)
at com.sun.proxy.$Proxy10.getText(Unknown Source)
at com.africaprudential.pages.DashBoardPage.validateDashboardPageWelcomeText(DashBoardPage.java:28)
at com.africaprudential.testcases.LoginPageTest.verifyUserCanLoginWith_ValideCredentials(LoginPageTest.java:57)
at java.util.ArrayList.forEach(ArrayList.java:1257)
... Removed 31 stack frames]]>
    </failure>
  </testcase> <!-- verifyUserCanLoginWith_ValideCredentials -->
  <testcase name="verifyUserCannotLoginWith_ValidUsername_InvalidPasswor" time="6.442" classname="com.africaprudential.testcases.LoginPageTest">
    <failure type="java.lang.AssertionError" message="Username or Password not correct. expected:&amp;lt;Username or Password not correct.&amp;gt; but was:&amp;lt;Text displayed does not matched&amp;gt;">
      <![CDATA[java.lang.AssertionError: Username or Password not correct. expected:<Username or Password not correct.> but was:<Text displayed does not matched>
at com.africaprudential.testcases.LoginPageTest.verifyUserCannotLoginWith_ValidUsername_InvalidPasswor(LoginPageTest.java:81)
at java.util.ArrayList.forEach(ArrayList.java:1257)
... Removed 28 stack frames]]>
    </failure>
  </testcase> <!-- verifyUserCannotLoginWith_ValidUsername_InvalidPasswor -->
  <testcase name="verifyUserCannotLoginWith_invalidUsername_ValidPassword" time="6.484" classname="com.africaprudential.testcases.LoginPageTest">
    <failure type="java.lang.AssertionError" message="Email is not valid expected:&amp;lt;Email is not valid&amp;gt; but was:&amp;lt;Text displayed does not matched&amp;gt;">
      <![CDATA[java.lang.AssertionError: Email is not valid expected:<Email is not valid> but was:<Text displayed does not matched>
at com.africaprudential.testcases.LoginPageTest.verifyUserCannotLoginWith_invalidUsername_ValidPassword(LoginPageTest.java:96)
at java.util.ArrayList.forEach(ArrayList.java:1257)
... Removed 28 stack frames]]>
    </failure>
  </testcase> <!-- verifyUserCannotLoginWith_invalidUsername_ValidPassword -->
  <testcase name="verifyUserCannotLoginWith_EmptyUsernameField_EmptyPasswordField" time="6.338" classname="com.africaprudential.testcases.LoginPageTest">
    <failure type="java.lang.AssertionError" message="Email is required expected:&amp;lt;Email is required&amp;gt; but was:&amp;lt;Text displayed does not matched&amp;gt;">
      <![CDATA[java.lang.AssertionError: Email is required expected:<Email is required> but was:<Text displayed does not matched>
at com.africaprudential.testcases.LoginPageTest.verifyUserCannotLoginWith_EmptyUsernameField_EmptyPasswordField(LoginPageTest.java:113)
at java.util.ArrayList.forEach(ArrayList.java:1257)
... Removed 28 stack frames]]>
    </failure>
  </testcase> <!-- verifyUserCannotLoginWith_EmptyUsernameField_EmptyPasswordField -->
  <testcase name="verifyUserCanUpdateCity" time="15.957" classname="com.africaprudential.testcases.UserProfilePageTest"/>
  <testcase name="verifyUserCanUpdateNextOfKinPhoneNumber" time="15.749" classname="com.africaprudential.testcases.UserProfilePageTest"/>
  <testcase name="verifyUserCanUpdateTaxRate" time="15.9" classname="com.africaprudential.testcases.UserProfilePageTest"/>
  <testcase name="verifyUserCanAddAccountNumber" time="13.869" classname="com.africaprudential.testcases.UserProfilePageTest"/>
</testsuite> <!-- Test -->
